<?xml version="1.0" encoding="UTF-8"?>
<!-- Generated by org.testng.reporters.JUnitXMLReporter -->
<testsuite ignored="1" hostname="DESKTOP-EKJ5BNI" failures="0" tests="1" name="Test" time="11.405" errors="0" timestamp="2023-07-28T20:39:33 ART">
  <testcase classname="Edu_it.Laboratorio3_Ejercicio1" name="registrarUsuario" time="4.312"/>
  <testcase classname="Edu_it.Laboratorio3_Ejercicio1" name="pruebaTest" time="0.0">
    <ignored/>
  </testcase> <!-- pruebaTest -->
</testsuite> <!-- Test -->
